proguard_logs/seeds.txt
healthVT.vitamine.DailyActivity
healthVT.vitamine.DailyActivity: DailyActivity()
healthVT.vitamine.MyActivity
healthVT.vitamine.MyActivity: MyActivity()
healthVT.vitamine.R$anim: int fade_in
healthVT.vitamine.R$anim: int fade_out
healthVT.vitamine.R$anim: int rotate
healthVT.vitamine.R$array: int ethnicityArray
healthVT.vitamine.R$array: int numbers
healthVT.vitamine.R$array: int period
healthVT.vitamine.R$color: int backgroundMainColor
healthVT.vitamine.R$color: int black
healthVT.vitamine.R$color: int colorful_1
healthVT.vitamine.R$color: int colorful_2
healthVT.vitamine.R$color: int colorful_3
healthVT.vitamine.R$color: int colorful_4
healthVT.vitamine.R$color: int colorful_5
healthVT.vitamine.R$color: int error
healthVT.vitamine.R$color: int fresh_1
healthVT.vitamine.R$color: int fresh_2
healthVT.vitamine.R$color: int fresh_3
healthVT.vitamine.R$color: int fresh_4
healthVT.vitamine.R$color: int fresh_5
healthVT.vitamine.R$color: int gray
healthVT.vitamine.R$color: int greens_1
healthVT.vitamine.R$color: int greens_2
healthVT.vitamine.R$color: int greens_3
healthVT.vitamine.R$color: int greens_4
healthVT.vitamine.R$color: int greens_5
healthVT.vitamine.R$color: int joyful_1
healthVT.vitamine.R$color: int joyful_2
healthVT.vitamine.R$color: int joyful_3
healthVT.vitamine.R$color: int joyful_4
healthVT.vitamine.R$color: int joyful_5
healthVT.vitamine.R$color: int liberty_1
healthVT.vitamine.R$color: int liberty_2
healthVT.vitamine.R$color: int liberty_3
healthVT.vitamine.R$color: int liberty_4
healthVT.vitamine.R$color: int liberty_5
healthVT.vitamine.R$color: int mono_1
healthVT.vitamine.R$color: int mono_2
healthVT.vitamine.R$color: int mono_3
healthVT.vitamine.R$color: int mono_4
healthVT.vitamine.R$color: int mono_5
healthVT.vitamine.R$color: int pastel_1
healthVT.vitamine.R$color: int pastel_2
healthVT.vitamine.R$color: int pastel_3
healthVT.vitamine.R$dimen: int bottomHeight
healthVT.vitamine.R$dimen: int calculateHeight
healthVT.vitamine.R$dimen: int circleAnimHeight
healthVT.vitamine.R$dimen: int circleAnimRadius
healthVT.vitamine.R$dimen: int circleAnimText
healthVT.vitamine.R$dimen: int circleAnimWidth
healthVT.vitamine.R$dimen: int dailyVitaminBottomHeight
healthVT.vitamine.R$dimen: int dpFront
healthVT.vitamine.R$dimen: int foodMarginTop
healthVT.vitamine.R$dimen: int line
healthVT.vitamine.R$dimen: int numberViewHeight
healthVT.vitamine.R$dimen: int numberViewMargin
healthVT.vitamine.R$dimen: int numberViewRadius
healthVT.vitamine.R$dimen: int numberViewStroke
healthVT.vitamine.R$dimen: int numberViewWidth
healthVT.vitamine.R$dimen: int paddingBottom
healthVT.vitamine.R$dimen: int paddingLeft
healthVT.vitamine.R$dimen: int paddingRight
healthVT.vitamine.R$dimen: int paddingTop
healthVT.vitamine.R$dimen: int popBodyPaddingTop
healthVT.vitamine.R$dimen: int popPadding
healthVT.vitamine.R$dimen: int popupHeight
healthVT.vitamine.R$dimen: int popupWidth
healthVT.vitamine.R$dimen: int removeIconHeight
healthVT.vitamine.R$dimen: int removeIconRadius
healthVT.vitamine.R$dimen: int removeIconStroke
healthVT.vitamine.R$dimen: int removeIconWidth
healthVT.vitamine.R$dimen: int vitaminCircleHeight
healthVT.vitamine.R$dimen: int vitaminCircleOptionRadius
healthVT.vitamine.R$dimen: int vitaminCircleOptionText
healthVT.vitamine.R$dimen: int vitaminCircleOptionVitaminText
...
com.github.mikephil.charting.charts.BarChart: void setColorTemplate(com.github.mikephil.charting.utils.ColorTemplate)
com.github.mikephil.charting.charts.BarChart: void setSkew(float)
com.github.mikephil.charting.charts.BarChart: float getSkew()
com.github.mikephil.charting.charts.BarChart: void setDepth(float)
com.github.mikephil.charting.charts.BarChart: float getDepth()
com.github.mikephil.charting.charts.BarChart: float getBarSpace()
com.github.mikephil.charting.charts.BarChart: void setBarSpace(float)
com.github.mikephil.charting.charts.BarChart: void set3DEnabled(boolean)
com.github.mikephil.charting.charts.BarChart: void setDrawHighlightArrow(boolean)
com.github.mikephil.charting.charts.BarLineChartBase: BarLineChartBase(android.content.Context,android.util.AttributeSet,int)
com.github.mikephil.charting.charts.BarLineChartBase: BarLineChartBase(android.content.Context,android.util.AttributeSet)
com.github.mikephil.charting.charts.BarLineChartBase: BarLineChartBase(android.content.Context)
com.github.mikephil.charting.charts.BarLineChartBase: void setOnDrawListener(com.github.mikephil.charting.interfaces.OnDrawListener)
com.github.mikephil.charting.charts.BarLineChartBase: void setDrawingEnabled(boolean)
com.github.mikephil.charting.charts.BarLineChartBase: void setAutoFinish(boolean)
com.github.mikephil.charting.charts.BarLineChartBase: com.github.mikephil.charting.interfaces.OnDrawListener getDrawListener()
com.github.mikephil.charting.charts.BarLineChartBase: void setYLabelCount(int)
com.github.mikephil.charting.charts.BarLineChartBase: void setGridColor(int)
com.github.mikephil.charting.charts.BarLineChartBase: void setMaxVisibleValueCount(int)
com.github.mikephil.charting.charts.BarLineChartBase: void setYLabelTextSize(float)
com.github.mikephil.charting.charts.BarLineChartBase: void setXLabelTextSize(float)
com.github.mikephil.charting.charts.BarLineChartBase: void setHighlightIndicatorEnabled(boolean)
com.github.mikephil.charting.charts.BarLineChartBase: void setStartAtZero(boolean)
com.github.mikephil.charting.charts.BarLineChartBase: void setUnit(java.lang.String)
com.github.mikephil.charting.charts.BarLineChartBase$BorderStyle: com.github.mikephil.charting.charts.BarLineChartBase$BorderStyle[] values()
com.github.mikephil.charting.charts.BarLineChartBase$BorderStyle: com.github.mikephil.charting.charts.BarLineChartBase$BorderStyle valueOf(java.lang.String)
com.github.mikephil.charting.charts.Chart: Chart(android.content.Context)
com.github.mikephil.charting.charts.Chart: Chart(android.content.Context,android.util.AttributeSet)
com.github.mikephil.charting.charts.Chart: Chart(android.content.Context,android.util.AttributeSet,int)
com.github.mikephil.charting.charts.Chart: void setData(com.github.mikephil.charting.data.ChartData)
com.github.mikephil.charting.charts.Chart: void setOnTouchListener(android.view.View$OnTouchListener)
com.github.mikephil.charting.charts.Chart: void setOnChartValueSelectedListener(com.github.mikephil.charting.interfaces.OnChartValueSelectedListener)
com.github.mikephil.charting.charts.Chart: void setHighlightEnabled(boolean)
com.github.mikephil.charting.charts.Chart: float getYValueSum()
com.github.mikephil.charting.charts.Chart: float getYMax()
com.github.mikephil.charting.charts.Chart: float getYChartMin()
com.github.mikephil.charting.charts.Chart: float getYChartMax()
com.github.mikephil.charting.charts.Chart: float getYMin()
com.github.mikephil.charting.charts.Chart: float getDeltaX()
com.github.mikephil.charting.charts.Chart: float getAverage()
com.github.mikephil.charting.charts.Chart: int getValueCount()
com.github.mikephil.charting.charts.Chart: android.graphics.PointF getCenter()
com.github.mikephil.charting.charts.Chart: android.graphics.PointF getCenterOffsets()
com.github.mikephil.charting.charts.Chart: void setDescriptionTextSize(float)