proguard_logs/mapping.txt
healthVT.vitamine.DailyActivity -> healthVT.vitamine.DailyActivity:
    int vitaminRowCount -> a
    android.widget.LinearLayout tempDataLayout -> h
    android.widget.LinearLayout calculateLayout -> i
    android.graphics.Typeface demiFont -> j
    java.lang.String[] tempFoodArray -> k
    int paddingTop -> b
    int paddingLeft -> c
    int paddingRight -> d
    int paddingBottom -> e
    sqlite.Database db -> l
    android.widget.AutoCompleteTextView foodInput -> m
    android.widget.TextView vitaminEditButton -> n
    android.widget.TextView calculateButton -> o
    boolean tempListOn -> f
    boolean editOn -> g
    void onCreate(android.os.Bundle) -> onCreate
    void attachEvent() -> c
    void calculateButtonClicked() -> a
    void getFoodVitamin(java.lang.String) -> a
    void createVitaminRow(org.json.JSONObject) -> a
    void createVitaminRow(beans.VitaminBean) -> a
    void addTempFood() -> d
    void turnOnEdit() -> b
    android.widget.TextView getDividedLine() -> e
    boolean onKeyDown(int,android.view.KeyEvent) -> onKeyDown
    void access$000(healthVT.vitamine.DailyActivity,java.lang.String) -> a
    android.widget.AutoCompleteTextView access$100(healthVT.vitamine.DailyActivity) -> a
    void access$200(healthVT.vitamine.DailyActivity,org.json.JSONObject) -> a
healthVT.vitamine.DailyActivity$1 -> healthVT.vitamine.a:
    healthVT.vitamine.DailyActivity this$0 -> a
    void onClick(android.view.View) -> onClick
healthVT.vitamine.DailyActivity$2 -> healthVT.vitamine.b:
    healthVT.vitamine.DailyActivity this$0 -> a
    void onItemClick(android.widget.AdapterView,android.view.View,int,long) -> onItemClick
healthVT.vitamine.DailyActivity$3 -> healthVT.vitamine.c:
    healthVT.vitamine.DailyActivity this$0 -> a
    void onClick(android.view.View) -> onClick
healthVT.vitamine.DailyActivity$4 -> healthVT.vitamine.d:
    healthVT.vitamine.DailyActivity this$0 -> a
    void onClick(android.view.View) -> onClick
healthVT.vitamine.DailyActivity$5 -> healthVT.vitamine.e:
    healthVT.vitamine.DailyActivity this$0 -> a
    void onClick(android.view.View) -> onClick
healthVT.vitamine.DailyActivity$6 -> healthVT.vitamine.f:
    java.lang.String val$foodName -> a
    healthVT.vitamine.DailyActivity this$0 -> b
    void run() -> run
healthVT.vitamine.MyActivity -> healthVT.vitamine.MyActivity:
    android.widget.TextView loginAsGoogle -> a
    void onCreate(android.os.Bundle) -> onCreate
healthVT.vitamine.SelfInfoActivity -> healthVT.vitamine.SelfInfoActivity:
    android.widget.EditText emailEdit -> a
    android.widget.EditText nameEdit -> b
    android.widget.EditText ageEdit -> c
    android.widget.EditText heightEdit -> d
    android.widget.EditText weightEdit -> e
    android.widget.EditText ethnicityEdit -> f
    android.widget.RadioButton maleRadioButton -> g
    android.widget.RadioButton femaleRadioButton -> h
    android.widget.TextView saveButton -> i
    android.widget.TextView logoutButton -> j
    util.User user -> k
    void onCreate(android.os.Bundle) -> onCreate
    void attachEvent() -> a
    void blink(android.view.View) -> a
    void saveInfo() -> b
    void processStatusChangeAnimation(java.lang.String) -> a
    android.view.animation.Animation getBlinkAnim(long,int,int) -> a
    void access$000(healthVT.vitamine.SelfInfoActivity,android.view.View) -> a
    void access$100(healthVT.vitamine.SelfInfoActivity) -> a
healthVT.vitamine.SelfInfoActivity$1 -> healthVT.vitamine.g:
    healthVT.vitamine.SelfInfoActivity this$0 -> a
    void onClick(android.view.View) -> onClick
healthVT.vitamine.SelfInfoActivity$2 -> healthVT.vitamine.h:
    healthVT.vitamine.SelfInfoActivity this$0 -> a
    void onClick(android.view.View) -> onClick
healthVT.vitamine.SelfInfoActivity$3 -> healthVT.vitamine.i:
    healthVT.vitamine.SelfInfoActivity this$0 -> a
    void run() -> run
healthVT.vitamine.SelfInfoActivity$3$1 -> healthVT.vitamine.j:
    healthVT.vitamine.SelfInfoActivity$3 this$1 -> a
    void run() -> run
...
beans.ValueComparator -> a.a:
    java.util.Map base -> a
    int compare(java.lang.String,java.lang.String) -> a
    int compare(java.lang.Object,java.lang.Object) -> compare
beans.VitaminBean -> a.b:
    java.lang.String foodName -> a
    double vitaminA -> b
    double vitaminC -> c
    double vitaminD -> d
    double vitaminE -> e
    double vitaminK -> f
    double vitaminB1 -> g
    double vitaminB2 -> h
    double vitaminB3 -> i
    double vitaminB6 -> j
    double vitaminB12 -> k
    int amount -> l
    java.lang.String type -> m
    void updateAmount(int) -> a
    java.util.Map getVitaminMap() -> a
    java.lang.String getFoodName() -> b
    double getVitaminA() -> c
    double getVitaminC() -> d
    double getVitaminD() -> e
    double getVitaminE() -> f
    double getVitaminK() -> g
    double getVitaminB1() -> h
    double getVitaminB2() -> i
    double getVitaminB3() -> j
    double getVitaminB6() -> k
    double getVitaminB12() -> l
    int getAmount() -> m
com.github.mikephil.charting.charts.BarChart -> com.github.mikephil.charting.charts.a:
    float mBarSpace -> ay
    float mSkew -> az
    float mDepth -> aA
    boolean m3DEnabled -> aB
    boolean mDrawHighlightArrow -> aC
    java.util.ArrayList mTopColors -> aD
    java.util.ArrayList mSideColors -> aE
    android.graphics.RectF mBarRect -> aF
    void init() -> a
    void setColorTemplate(com.github.mikephil.charting.utils.ColorTemplate) -> setColorTemplate
    void calculate3DColors() -> b
    void calcMinMax(boolean) -> a
    void drawHighlights() -> c
    void drawData() -> d
    void drawValues() -> e
    void setSkew(float) -> setSkew
    float getSkew() -> getSkew
    void setDepth(float) -> setDepth
    float getDepth() -> getDepth
    float getBarSpace() -> getBarSpace
    void setBarSpace(float) -> setBarSpace
    void set3DEnabled(boolean) -> set3DEnabled
    void setDrawHighlightArrow(boolean) -> setDrawHighlightArrow
    void drawAdditional() -> f
com.github.mikephil.charting.charts.BarLineChartBase -> com.github.mikephil.charting.charts.b:
    java.lang.String mUnit -> a
    int mMaxVisibleCount -> b
    float mMinScaleY -> ay
    float mMinScaleX -> az
    float mScaleX -> c
    float mScaleY -> d
    float mMaxScaleY -> e
    int mYLabelCount -> f
    float mGridWidth -> g
    boolean mDrawUnitInChart -> h
    boolean mPinchZoomEnabled -> i
    boolean mDragEnabled -> j
    boolean mFixedYValues -> k
    boolean mStartAtZero -> l
    boolean mFilterData -> m
    android.graphics.Paint mGridPaint -> n
    android.graphics.Paint mGridBackgroundPaint -> o
    android.graphics.Paint mBorderPaint -> p
    android.graphics.Paint mXLabelPaint -> q
    android.graphics.Paint mYLabelPaint -> r
    android.graphics.Paint mHighlightPaint -> s
    boolean mHighLightIndicatorEnabled -> t
    boolean mAutoFinishDrawing -> u
    boolean mDrawVerticalGrid -> v
    boolean mDrawHorizontalGrid -> w
    boolean mDrawYLabels -> x
    boolean mDrawXLabels -> y
    boolean mDrawBorder -> z
    boolean mDrawGridBackground -> A
    com.github.mikephil.charting.interfaces.OnDrawListener mDrawListener -> B
    com.github.mikephil.charting.utils.YLabels mYLabels -> C
    com.github.mikephil.charting.utils.XLabels mXLabels -> D
    com.github.mikephil.charting.data.filter.Approximator mApproximator -> aA
    java.text.DecimalFormat mFormatValue -> E
    int mYLabelFormatDigits -> F
com.github.mikephil.charting.charts.BarLineChartBase$2 -> com.github.mikephil.charting.charts.c:
    int[] $SwitchMap$com$github$mikephil$charting$charts$BarLineChartBase$BorderStyle -> a