proguard_logs/usage.txt
healthVT.vitamine.BuildConfig
healthVT.vitamine.MyActivity:
    private boolean mSignInClicked
    111:111:private void attachListener()
    161:161:private boolean loginOrRegister(java.lang.String,java.lang.String,boolean)
healthVT.vitamine.NavigatorActivity
healthVT.vitamine.R
healthVT.vitamine.R$anim
healthVT.vitamine.R$array
healthVT.vitamine.R$attr
healthVT.vitamine.R$color
healthVT.vitamine.R$dimen
healthVT.vitamine.R$drawable
healthVT.vitamine.R$id
healthVT.vitamine.R$layout
healthVT.vitamine.R$string
healthVT.vitamine.R$style
healthVT.vitamine.SelfInfoActivity:
    android.widget.EditText passwordEdit
...
beans.VitaminBean:
    private java.util.Date logDate
    private long id
    private double pantothenic
    private double biotin
    private int mData
    90:90:public long getId()
    103:103:public java.lang.String getType()
com.github.mikephil.charting.charts.BarChart:
    46:47:public BarChart(android.content.Context)
    50:51:public BarChart(android.content.Context,android.util.AttributeSet)
    54:55:public BarChart(android.content.Context,android.util.AttributeSet,int)
    447:447:public boolean is3DEnabled()
    465:465:public boolean isDrawHighlightArrowEnabled()
    481:488:public void setPaint(android.graphics.Paint,int)
    492:499:public android.graphics.Paint getPaint(int)
com.github.mikephil.charting.charts.BarLineChartBase:
    437:451:public void calculateLegendOffsets()
    960:968:public void zoom(float,float,float,float)
    984:1016:public synchronized void centerViewPort(int,float)
    1045:1051:public android.graphics.Matrix refreshTouchNoInvalidate(android.graphics.Matrix)
    1171:1175:public void setScaleMinima(float,float)
    1191:1209:public void setYRange(float,float,boolean)
    1219:1225:public void resetYRange(boolean)
    1339:1339:public boolean isStartAtZeroEnabled()
    1408:1408:public boolean isDrawVerticalGridEnabled()
    1417:1417:public boolean isDrawHorizontalGridEnabled()
    1598:1604:public com.github.mikephil.charting.utils.PointD getPixelsForValues(float,float)
    1616:1616:public float getYValueByTouchPoint(float,float)
    1657:1660:public boolean isFullyZoomedOut()
    1754:1756:public void enableFiltering(com.github.mikephil.charting.data.filter.Approximator)
    1762:1763:public void disableFiltering()
    1771:1771:public boolean isFilteringEnabled()
    1829:1848:public void setPaint(android.graphics.Paint,int)
    1852:1867:public android.graphics.Paint getPaint(int)
com.github.mikephil.charting.charts.BarLineChartBase$1
com.github.mikephil.charting.charts.Chart:
    public static final java.lang.String LOG_TAG
    public static final int PAINT_GRID
    public static final int PAINT_GRID_BACKGROUND
    public static final int PAINT_YLABEL
    public static final int PAINT_XLABEL
    public static final int PAINT_INFO
    public static final int PAINT_VALUES
    public static final int PAINT_CIRCLES_INNER
    public static final int PAINT_DESCRIPTION
    public static final int PAINT_BORDER
    public static final int PAINT_HOLE
    public static final int PAINT_CENTER_TEXT
    public static final int PAINT_HIGHLIGHT_LINE
    public static final int PAINT_HIGHLIGHT_BAR
    public static final int PAINT_RENDER
    public static final int PAINT_LEGEND_LABEL
    324:337:public void setData(java.util.ArrayList,java.util.ArrayList)
    public abstract void notifyDataSetChanged()
    566:568:protected void transformRects(java.util.ArrayList)
    576:579:protected void transformRectsTouch(java.util.ArrayList)
    587:590:protected void transformPathsTouch(java.util.ArrayList)
    782:793:public boolean needsHighlight(int,int)
    940:940:public boolean isHighlightEnabled()
    1015:1017:public float getAverage(java.lang.String)
    1086:1090:public void setOffsets(float,float,float,float)
    1183:1183:public boolean isDrawLegendEnabled()
    1255:1272:public void setPaint(android.graphics.Paint,int)
    1281:1294:public android.graphics.Paint getPaint(int)
com.github.mikephil.charting.charts.LineChart:
    222:226:private void calculatePointDiff(android.graphics.PointF,android.graphics.PointF,android.graphics.PointF,float)
    338:338:public boolean isDrawCirclesEnabled()
    357:357:public float getCircleSize(float)
    377:377:public boolean isDrawFilledEnabled()
    441:444:public void enableDashedLine(float,float,float)
    450:451:public void disableDashedLine()
    459:459:public boolean isDashedLineEnabled()
    464:474:public void setPaint(android.graphics.Paint,int)
    478:487:public android.graphics.Paint getPaint(int)